<?xml version="1.0" encoding="UTF-8"?>
<!-- Generated by org.testng.reporters.JUnitReportReporter -->
<testsuite skipped="0" hostname="MAA-5CD7123KXL" name="test02.verify" tests="1" failures="0" timestamp="21 Feb 2019 10:32:51 GMT" time="63.105" errors="0">
  <testcase name="test012" time="63.105" classname="test02.verify"/>
</testsuite> <!-- test02.verify -->
