<?xml version="1.0" encoding="UTF-8"?>
<!-- Generated by org.testng.reporters.JUnitReportReporter -->
<testsuite skipped="0" hostname="MAA-5CD7123KXL" name="test02.gmail_pf" tests="1" failures="0" timestamp="31 Dec 2018 12:08:59 GMT" time="42.776" errors="0">
  <testcase name="checkValidUser" time="42.776" classname="test02.gmail_pf"/>
</testsuite> <!-- test02.gmail_pf -->
