<?xml version="1.0" encoding="UTF-8"?>
<!-- Generated by org.testng.reporters.JUnitReportReporter -->
<testsuite skipped="0" hostname="MAA-5CD7123KXL" name="test02.Listener" tests="1" failures="0" timestamp="21 Mar 2019 12:32:33 GMT" time="76.284" errors="0">
  <testcase name="test1" time="76.284" classname="test02.Listener"/>
</testsuite> <!-- test02.Listener -->
