<?xml version="1.0" encoding="UTF-8"?>
<!-- Generated by org.testng.reporters.JUnitReportReporter -->
<testsuite skipped="0" hostname="MAA-5CD7123KXL" name="test02.retryanaly" tests="2" failures="0" timestamp="19 Mar 2019 10:23:24 GMT" time="2.471" errors="0">
  <testcase name="testGenY" time="0.000" classname="test02.retryanaly"/>
  <testcase name="testGenX" time="2.471" classname="test02.retryanaly"/>
</testsuite> <!-- test02.retryanaly -->
