<?xml version="1.0" encoding="UTF-8"?>
<!-- Generated by org.testng.reporters.JUnitReportReporter -->
<testsuite skipped="0" hostname="MAA-5CD7123KXL" name="test02.DragAndDrop" tests="1" failures="0" timestamp="22 Feb 2019 12:08:09 GMT" time="49.904" errors="0">
  <testcase name="DD" time="49.904" classname="test02.DragAndDrop"/>
</testsuite> <!-- test02.DragAndDrop -->
