<?xml version="1.0" encoding="UTF-8"?>
<!-- Generated by org.testng.reporters.JUnitReportReporter -->
<testsuite skipped="0" hostname="MAA-5CD7123KXL" name="test02.calendar" tests="1" failures="0" timestamp="11 Mar 2019 11:30:25 GMT" time="78.467" errors="0">
  <testcase name="datepicker" time="78.467" classname="test02.calendar"/>
</testsuite> <!-- test02.calendar -->
