<?xml version="1.0" encoding="UTF-8"?>
<!-- Generated by org.testng.reporters.JUnitReportReporter -->
<testsuite skipped="0" hostname="MAA-5CD7123KXL" name="test02.testc4ctrain" tests="1" failures="0" timestamp="18 Mar 2019 07:30:26 GMT" time="69.729" errors="0">
  <testcase name="test1" time="69.729" classname="test02.testc4ctrain"/>
</testsuite> <!-- test02.testc4ctrain -->
