<?xml version="1.0" encoding="UTF-8"?>
<!-- Generated by org.testng.reporters.JUnitReportReporter -->
<testsuite skipped="0" hostname="MAA-5CD7123KXL" name="test02.dynamicpath" tests="1" failures="0" timestamp="21 Feb 2019 12:17:32 GMT" time="41.735" errors="0">
  <testcase name="testtt12" time="41.735" classname="test02.dynamicpath"/>
</testsuite> <!-- test02.dynamicpath -->
