<?xml version="1.0" encoding="UTF-8"?>
<!-- Generated by org.testng.reporters.JUnitReportReporter -->
<testsuite skipped="0" hostname="MAA-5CD7123KXL" name="test02.excep" tests="1" failures="0" timestamp="12 Mar 2019 10:28:07 GMT" time="0.015" errors="0">
  <testcase name="exceptest" time="0.015" classname="test02.excep"/>
</testsuite> <!-- test02.excep -->
