<?xml version="1.0" encoding="UTF-8"?>
<!-- Generated by org.testng.reporters.JUnitReportReporter -->
<testsuite skipped="0" hostname="MAA-5CD7123KXL" name="test02.NewTest" tests="1" failures="0" timestamp="08 Jan 2019 12:23:00 GMT" time="42.808" errors="0">
  <testcase name="f" time="42.808" classname="test02.NewTest"/>
</testsuite> <!-- test02.NewTest -->
