<?xml version="1.0" encoding="UTF-8"?>
<!-- Generated by org.testng.reporters.JUnitReportReporter -->
<testsuite skipped="0" hostname="MAA-5CD7123KXL" name="test02.Readexceldi" tests="1" failures="0" timestamp="12 Mar 2019 10:51:52 GMT" time="0.485" errors="0">
  <testcase name="er" time="0.485" classname="test02.Readexceldi"/>
</testsuite> <!-- test02.Readexceldi -->
