<?xml version="1.0" encoding="UTF-8"?>
<!-- Generated by org.testng.reporters.JUnitReportReporter -->
<testsuite skipped="0" hostname="MAA-5CD7123KXL" name="test02.pf" tests="1" failures="0" timestamp="31 Dec 2018 09:23:58 GMT" time="39.418" errors="0">
  <testcase name="checkValidUser" time="39.418" classname="test02.pf"/>
</testsuite> <!-- test02.pf -->
