<?xml version="1.0" encoding="UTF-8"?>
<!-- Generated by org.testng.reporters.JUnitReportReporter -->
<testsuite skipped="0" hostname="MAA-5CD7123KXL" name="test02.DROPDOWN" tests="1" failures="0" timestamp="20 Mar 2019 11:56:04 GMT" time="33.476" errors="0">
  <testcase name="main1" time="33.476" classname="test02.DROPDOWN"/>
</testsuite> <!-- test02.DROPDOWN -->
