<?xml version="1.0" encoding="UTF-8"?>
<!-- Generated by org.testng.reporters.JUnitReportReporter -->
<testsuite skipped="0" hostname="MAA-5CD7123KXL" name="test02.windowhandling" tests="1" failures="0" timestamp="15 Mar 2019 09:58:32 GMT" time="53.544" errors="0">
  <testcase name="wh" time="53.544" classname="test02.windowhandling"/>
</testsuite> <!-- test02.windowhandling -->
