<?xml version="1.0" encoding="UTF-8"?>
<!-- Generated by org.testng.reporters.JUnitReportReporter -->
<testsuite skipped="0" hostname="MAA-5CD7123KXL" name="test02.tstng" tests="2" failures="0" timestamp="01 Feb 2019 10:54:18 GMT" time="0.047" errors="0">
  <testcase name="testCase2" time="0.000" classname="test02.tstng"/>
  <testcase name="testCase1" time="0.047" classname="test02.tstng"/>
</testsuite> <!-- test02.tstng -->
