<?xml version="1.0" encoding="UTF-8"?>
<!-- Generated by org.testng.reporters.JUnitReportReporter -->
<testsuite skipped="0" hostname="MAA-5CD7123KXL" name="test02.Excelreader" tests="1" failures="0" timestamp="04 Jan 2019 08:55:30 GMT" time="1.434" errors="0">
  <testcase name="ER" time="1.434" classname="test02.Excelreader"/>
</testsuite> <!-- test02.Excelreader -->
