<?xml version="1.0" encoding="UTF-8"?>
<!-- Generated by org.testng.reporters.JUnitReportReporter -->
<testsuite skipped="1" hostname="MAA-5CD7123KXL" name="test02.manojdp" tests="1" failures="0" timestamp="20 Mar 2019 09:33:20 GMT" time="0.000" errors="0">
  <testcase name="Tc001" time="0.000" classname="test02.manojdp">
    <skipped/>
  </testcase> <!-- Tc001 -->
</testsuite> <!-- test02.manojdp -->
