<?xml version="1.0" encoding="UTF-8"?>
<!-- Generated by org.testng.reporters.JUnitReportReporter -->
<testsuite skipped="1" hostname="MAA-5CD7123KXL" name="test02.iframes" tests="4" failures="0" timestamp="19 Mar 2019 11:57:46 GMT" time="0.166" errors="0">
  <testcase name="set1" time="0.042" classname="test02.iframes"/>
  <testcase name="set2" time="0.000" classname="test02.iframes"/>
  <testcase name="testframe" time="0.124" classname="test02.iframes"/>
  <testcase name="skiptest" classname="test02.iframes">
    <skipped/>
  </testcase> <!-- skiptest -->
</testsuite> <!-- test02.iframes -->
