<?xml version="1.0" encoding="UTF-8"?>
<!-- Generated by org.testng.reporters.JUnitReportReporter -->
<testsuite skipped="0" hostname="MAA-5CD7123KXL" name="test02.urlloadingtime" tests="1" failures="0" timestamp="01 Mar 2019 05:36:17 GMT" time="67.818" errors="0">
  <testcase name="Testtt" time="67.818" classname="test02.urlloadingtime"/>
</testsuite> <!-- test02.urlloadingtime -->
