<?xml version="1.0" encoding="UTF-8"?>
<!-- Generated by org.testng.reporters.JUnitReportReporter -->
<testsuite skipped="0" hostname="MAA-5CD7123KXL" name="test02.assertt" tests="1" failures="0" timestamp="01 Feb 2019 11:19:08 GMT" time="86.378" errors="0">
  <testcase name="assertion" time="86.378" classname="test02.assertt"/>
</testsuite> <!-- test02.assertt -->
