<?xml version="1.0" encoding="UTF-8"?>
<!-- Generated by org.testng.reporters.JUnitReportReporter -->
<testsuite skipped="0" hostname="MAA-5CD7123KXL" name="test02.deptest" tests="2" failures="0" timestamp="22 Feb 2019 11:57:14 GMT" time="0.000" errors="0">
  <testcase name="parentTest" time="0.000" classname="test02.deptest"/>
  <testcase name="dependentTest" time="0.000" classname="test02.deptest"/>
</testsuite> <!-- test02.deptest -->
