<?xml version="1.0" encoding="UTF-8"?>
<!-- Generated by org.testng.reporters.JUnitReportReporter -->
<testsuite skipped="1" hostname="MAA-5CD7123KXL" name="test02.setprior" tests="3" failures="0" timestamp="01 Feb 2019 11:20:33 GMT" time="0.016" errors="0">
  <testcase name="method3" time="0.016" classname="test02.setprior"/>
  <testcase name="method1" time="0.000" classname="test02.setprior"/>
  <testcase name="method2" classname="test02.setprior">
    <skipped/>
  </testcase> <!-- method2 -->
</testsuite> <!-- test02.setprior -->
