<?xml version="1.0" encoding="UTF-8"?>
<!-- Generated by org.testng.reporters.JUnitReportReporter -->
<testsuite skipped="0" hostname="MAA-5CD7123KXL" name="test02.login1" tests="1" failures="0" timestamp="02 Jan 2019 11:24:50 GMT" time="48.161" errors="0">
  <testcase name="log" time="48.161" classname="test02.login1"/>
</testsuite> <!-- test02.login1 -->
