<?xml version="1.0" encoding="UTF-8"?>
<!-- Generated by org.testng.reporters.JUnitReportReporter -->
<testsuite skipped="0" hostname="MAA-5CD7123KXL" name="test02.getcolor" tests="1" failures="0" timestamp="18 Mar 2019 06:48:04 GMT" time="72.697" errors="0">
  <testcase name="readFontProperty" time="72.697" classname="test02.getcolor"/>
</testsuite> <!-- test02.getcolor -->
