<?xml version="1.0" encoding="UTF-8"?>
<!-- Generated by org.testng.reporters.JUnitReportReporter -->
<testsuite skipped="0" hostname="MAA-5CD7123KXL" name="test02.handleframes" tests="1" failures="0" timestamp="11 Mar 2019 12:13:07 GMT" time="45.615" errors="0">
  <testcase name="frames" time="45.615" classname="test02.handleframes"/>
</testsuite> <!-- test02.handleframes -->
